Eval chosen precion=0.4217994963588103  recall=0.618976279650437  f1=0.5017101455141567
Eval veri class report:
                  precision    recall  f1-score   support

       SUPPORTS       0.57      0.94      0.71      6666
        REFUTES       0.75      0.63      0.68      6666
NOT ENOUGH INFO       0.77      0.39      0.52      6666

       accuracy                           0.65     19998
      macro avg       0.70      0.65      0.64     19998
   weighted avg       0.70      0.65      0.64     19998

Eval veri confusion mat:
 [[6243  225  198]
 [1884 4209  573]
 [2875 1194 2597]]
Eval chosen precion=0.4843192627824019  recall=0.6508863920099875  f1=0.5553827470865202
Eval veri class report:
                  precision    recall  f1-score   support

       SUPPORTS       0.61      0.92      0.74      6666
        REFUTES       0.76      0.65      0.70      6666
NOT ENOUGH INFO       0.75      0.49      0.59      6666

       accuracy                           0.69     19998
      macro avg       0.71      0.69      0.68     19998
   weighted avg       0.71      0.69      0.68     19998

Eval veri confusion mat:
 [[6128  231  307]
 [1561 4349  756]
 [2284 1110 3272]]
Eval chosen precion=0.4444021061382846  recall=0.640649188514357  f1=0.5247785981633363
Eval veri class report:
                  precision    recall  f1-score   support

       SUPPORTS       0.63      0.93      0.75      6666
        REFUTES       0.82      0.61      0.70      6666
NOT ENOUGH INFO       0.74      0.57      0.64      6666

       accuracy                           0.70     19998
      macro avg       0.73      0.70      0.70     19998
   weighted avg       0.73      0.70      0.70     19998

Eval veri confusion mat:
 [[6190  146  330]
 [1568 4071 1027]
 [2114  751 3801]]
Eval chosen precion=0.5124853850008352  recall=0.6128838951310861  f1=0.5582061719691629
Eval veri class report:
                  precision    recall  f1-score   support

       SUPPORTS       0.64      0.92      0.75      6666
        REFUTES       0.82      0.62      0.71      6666
NOT ENOUGH INFO       0.74      0.59      0.65      6666

       accuracy                           0.71     19998
      macro avg       0.73      0.71      0.71     19998
   weighted avg       0.73      0.71      0.71     19998

Eval veri confusion mat:
 [[6137  163  366]
 [1486 4147 1033]
 [1989  754 3923]]
Eval chosen precion=0.4167703335110479  recall=0.7026716604244694  f1=0.5232119285329169
Eval veri class report:
                  precision    recall  f1-score   support

       SUPPORTS       0.62      0.94      0.75      6666
        REFUTES       0.85      0.58      0.69      6666
NOT ENOUGH INFO       0.73      0.59      0.65      6666

       accuracy                           0.70     19998
      macro avg       0.74      0.70      0.70     19998
   weighted avg       0.74      0.70      0.70     19998

Eval veri confusion mat:
 [[6271  132  263]
 [1628 3871 1167]
 [2188  540 3938]]
Eval chosen precion=0.4720215031242364  recall=0.6752559300873907  f1=0.555637738330046
Eval veri class report:
                  precision    recall  f1-score   support

       SUPPORTS       0.68      0.91      0.78      6666
        REFUTES       0.81      0.67      0.73      6666
NOT ENOUGH INFO       0.75      0.63      0.68      6666

       accuracy                           0.74     19998
      macro avg       0.75      0.74      0.73     19998
   weighted avg       0.75      0.74      0.73     19998

Eval veri confusion mat:
 [[6058  218  390]
 [1197 4461 1008]
 [1643  841 4182]]
Eval chosen precion=0.4387654242259988  recall=0.687191011235955  f1=0.5355725072001245
Eval veri class report:
                  precision    recall  f1-score   support

       SUPPORTS       0.73      0.89      0.80      6666
        REFUTES       0.82      0.68      0.74      6666
NOT ENOUGH INFO       0.72      0.69      0.70      6666

       accuracy                           0.75     19998
      macro avg       0.76      0.75      0.75     19998
   weighted avg       0.76      0.75      0.75     19998

Eval veri confusion mat:
 [[5932  268  466]
 [ 800 4534 1332]
 [1360  725 4581]]
Eval chosen precion=0.4576083053116124  recall=0.6999750312109863  f1=0.5534191408717625
Eval veri class report:
                  precision    recall  f1-score   support

       SUPPORTS       0.71      0.91      0.80      6666
        REFUTES       0.77      0.74      0.75      6666
NOT ENOUGH INFO       0.79      0.59      0.68      6666

       accuracy                           0.75     19998
      macro avg       0.76      0.75      0.74     19998
   weighted avg       0.76      0.75      0.74     19998

Eval veri confusion mat:
 [[6092  264  310]
 [ 998 4904  764]
 [1529 1176 3961]]
Eval chosen precion=0.4281087888692315  recall=0.7129588014981273  f1=0.5349795780717204
Eval veri class report:
                  precision    recall  f1-score   support

       SUPPORTS       0.73      0.93      0.82      6666
        REFUTES       0.79      0.75      0.77      6666
NOT ENOUGH INFO       0.79      0.60      0.69      6666

       accuracy                           0.76     19998
      macro avg       0.77      0.76      0.76     19998
   weighted avg       0.77      0.76      0.76     19998

Eval veri confusion mat:
 [[6219  193  254]
 [ 840 5021  805]
 [1507 1134 4025]]
Eval chosen precion=0.47763464526152255  recall=0.7369288389513109  f1=0.5796036998487853
Eval veri class report:
                  precision    recall  f1-score   support

       SUPPORTS       0.75      0.93      0.83      6666
        REFUTES       0.81      0.75      0.78      6666
NOT ENOUGH INFO       0.78      0.65      0.71      6666

       accuracy                           0.78     19998
      macro avg       0.78      0.78      0.77     19998
   weighted avg       0.78      0.78      0.77     19998

Eval veri confusion mat:
 [[6203  184  279]
 [ 742 4989  935]
 [1357  985 4324]]
Eval chosen precion=0.45444735625096344  recall=0.7360799001248439  f1=0.5619519634006862
Eval veri class report:
                  precision    recall  f1-score   support

       SUPPORTS       0.75      0.93      0.83      6666
        REFUTES       0.82      0.73      0.77      6666
NOT ENOUGH INFO       0.77      0.66      0.71      6666

       accuracy                           0.78     19998
      macro avg       0.78      0.78      0.77     19998
   weighted avg       0.78      0.78      0.77     19998

Eval veri confusion mat:
 [[6210  171  285]
 [ 731 4891 1044]
 [1355  895 4416]]
Eval chosen precion=0.453189142822131  recall=0.7387265917602996  f1=0.5617559382535554
Eval veri class report:
                  precision    recall  f1-score   support

       SUPPORTS       0.75      0.94      0.83      6666
        REFUTES       0.82      0.73      0.77      6666
NOT ENOUGH INFO       0.77      0.66      0.71      6666

       accuracy                           0.78     19998
      macro avg       0.78      0.78      0.77     19998
   weighted avg       0.78      0.78      0.77     19998

Eval veri confusion mat:
 [[6237  167  262]
 [ 719 4875 1072]
 [1356  890 4420]]
